1696788345204	geckodriver	INFO	Listening on 127.0.0.1:60778
1696788345243	mozrunner::runner	INFO	Running command: MOZ_CRASHREPORTER="1" MOZ_CRASHREPORTER_NO_REPORT="1" MOZ_CRASHREPORTER_SHUTDOWN="1" MOZ_NO_REMOTE="1" "/App ... s" "localhost" "-foreground" "-no-remote" "-profile" "/var/folders/s1/rntdtc892lj3f7n_c3fr09440000gn/T/rust_mozprofile5vPfJU"
console.warn: services.settings: Ignoring preference override of remote settings server
console.warn: services.settings: Allow by setting MOZ_REMOTE_SETTINGS_DEVTOOLS=1 in the environment
1696788346785	Marionette	INFO	Marionette enabled
console.error: "Warning: unrecognized command line flag" "-remote-allow-hosts"
1696788347457	Marionette	INFO	Listening on port 60785
Read port: 60785
WebDriver BiDi listening on ws://127.0.0.1:60779
Read port: 60785
1696788348864	RemoteAgent	WARN	TLS certificate errors will be ignored for this session
DevTools listening on ws://127.0.0.1:60779/devtools/browser/e260034e-0355-411d-ac80-16de9000b516
1696788358202	Marionette	INFO	Stopped listening on port 60785
1696788371731	geckodriver	INFO	Listening on 127.0.0.1:60926
1696788372250	mozrunner::runner	INFO	Running command: MOZ_CRASHREPORTER="1" MOZ_CRASHREPORTER_NO_REPORT="1" MOZ_CRASHREPORTER_SHUTDOWN="1" MOZ_NO_REMOTE="1" "/App ... s" "localhost" "-foreground" "-no-remote" "-profile" "/var/folders/s1/rntdtc892lj3f7n_c3fr09440000gn/T/rust_mozprofileNOc11C"
console.warn: services.settings: Ignoring preference override of remote settings server
console.warn: services.settings: Allow by setting MOZ_REMOTE_SETTINGS_DEVTOOLS=1 in the environment
1696788373208	Marionette	INFO	Marionette enabled
console.error: "Warning: unrecognized command line flag" "-remote-allow-hosts"
1696788373577	Marionette	INFO	Listening on port 60934
Read port: 60934
WebDriver BiDi listening on ws://127.0.0.1:60927
1696788374463	RemoteAgent	WARN	TLS certificate errors will be ignored for this session
DevTools listening on ws://127.0.0.1:60927/devtools/browser/5e2a1b9a-5978-4af6-8a1d-afa96bb859da
1696788378278	Marionette	WARN	Ignoring event 'pageshow' because document has an invalid readyState of 'interactive'.
1696788378291	Marionette	WARN	Ignoring event 'pageshow' because document has an invalid readyState of 'interactive'.
1696788378313	Marionette	WARN	Ignoring event 'pageshow' because document has an invalid readyState of 'interactive'.
1696788378327	Marionette	WARN	Ignoring event 'pageshow' because document has an invalid readyState of 'interactive'.
1696788378336	Marionette	WARN	Ignoring event 'pageshow' because document has an invalid readyState of 'interactive'.
1696788378351	Marionette	WARN	Ignoring event 'pageshow' because document has an invalid readyState of 'interactive'.
1696788378359	Marionette	WARN	Ignoring event 'pageshow' because document has an invalid readyState of 'interactive'.
1696788378370	Marionette	WARN	Ignoring event 'pageshow' because document has an invalid readyState of 'interactive'.
1696788378377	Marionette	WARN	Ignoring event 'pageshow' because document has an invalid readyState of 'interactive'.
1696788378387	Marionette	WARN	Ignoring event 'pageshow' because document has an invalid readyState of 'interactive'.
JavaScript warning: https://www.skyscanner.ie/rf8vapwA/init.js, line 2: WEBGL_debug_renderer_info is deprecated in Firefox and will be removed. Please use RENDERER.
JavaScript warning: https://www.skyscanner.ie/rf8vapwA/init.js, line 3: Script terminated by timeout at:
fc@https://www.skyscanner.ie/rf8vapwA/init.js:3:34240

1696788391430	Marionette	INFO	Stopped listening on port 60934
console.warn: TopSitesFeed: Failed to fetch data from Contile server: NetworkError when attempting to fetch resource.
console.error: "Failed to fetch https://spocs.getpocket.com/user:" "NetworkError when attempting to fetch resource."
1696788403663	geckodriver	INFO	Listening on 127.0.0.1:60996
1696788404187	mozrunner::runner	INFO	Running command: MOZ_CRASHREPORTER="1" MOZ_CRASHREPORTER_NO_REPORT="1" MOZ_CRASHREPORTER_SHUTDOWN="1" MOZ_NO_REMOTE="1" "/App ... s" "localhost" "-foreground" "-no-remote" "-profile" "/var/folders/s1/rntdtc892lj3f7n_c3fr09440000gn/T/rust_mozprofile8uKqf0"
console.warn: services.settings: Ignoring preference override of remote settings server
console.warn: services.settings: Allow by setting MOZ_REMOTE_SETTINGS_DEVTOOLS=1 in the environment
1696788405234	Marionette	INFO	Marionette enabled
console.error: "Warning: unrecognized command line flag" "-remote-allow-hosts"
1696788405656	Marionette	INFO	Listening on port 61004
Read port: 61004
WebDriver BiDi listening on ws://127.0.0.1:60997
1696788406581	RemoteAgent	WARN	TLS certificate errors will be ignored for this session
DevTools listening on ws://127.0.0.1:60997/devtools/browser/e985e099-f44a-4b0e-9e83-ee5640227c94
1696788410881	Marionette	WARN	Ignoring event 'pageshow' because document has an invalid readyState of 'interactive'.
1696788410893	Marionette	WARN	Ignoring event 'pageshow' because document has an invalid readyState of 'interactive'.
1696788410904	Marionette	WARN	Ignoring event 'pageshow' because document has an invalid readyState of 'interactive'.
1696788410917	Marionette	WARN	Ignoring event 'pageshow' because document has an invalid readyState of 'interactive'.
1696788410928	Marionette	WARN	Ignoring event 'pageshow' because document has an invalid readyState of 'interactive'.
1696788410938	Marionette	WARN	Ignoring event 'pageshow' because document has an invalid readyState of 'interactive'.
1696788410949	Marionette	WARN	Ignoring event 'pageshow' because document has an invalid readyState of 'interactive'.
1696788410958	Marionette	WARN	Ignoring event 'pageshow' because document has an invalid readyState of 'interactive'.
1696788410972	Marionette	WARN	Ignoring event 'pageshow' because document has an invalid readyState of 'interactive'.
1696788410984	Marionette	WARN	Ignoring event 'pageshow' because document has an invalid readyState of 'interactive'.
JavaScript warning: https://www.skyscanner.ie/rf8vapwA/init.js, line 2: Script terminated by timeout at:
o@https://www.skyscanner.ie/rf8vapwA/init.js:2:140968

Exiting due to channel error.
Exiting due to channel error.
Exiting due to channel error.
Exiting due to channel error.
1696788738784	geckodriver	INFO	Listening on 127.0.0.1:61397
1696788739310	mozrunner::runner	INFO	Running command: MOZ_CRASHREPORTER="1" MOZ_CRASHREPORTER_NO_REPORT="1" MOZ_CRASHREPORTER_SHUTDOWN="1" MOZ_NO_REMOTE="1" "/App ... s" "localhost" "-foreground" "-no-remote" "-profile" "/var/folders/s1/rntdtc892lj3f7n_c3fr09440000gn/T/rust_mozprofileFYtbGU"
console.warn: services.settings: Ignoring preference override of remote settings server
console.warn: services.settings: Allow by setting MOZ_REMOTE_SETTINGS_DEVTOOLS=1 in the environment
1696788740625	Marionette	INFO	Marionette enabled
console.error: "Warning: unrecognized command line flag" "-remote-allow-hosts"
1696788741136	Marionette	INFO	Listening on port 61407
Read port: 61407
WebDriver BiDi listening on ws://127.0.0.1:61398
1696788742145	RemoteAgent	WARN	TLS certificate errors will be ignored for this session
DevTools listening on ws://127.0.0.1:61398/devtools/browser/b23c7027-abda-414e-9dc5-f0ff57850705
JavaScript warning: https://pagead2.googlesyndication.com/bg/YeTNF82ErcXtSc42GSWrie2SEIEL8DxR64dbf1nZkSc.js line 2 > eval line 6519 > eval line 1 > eval line 1 > eval, line 1: WEBGL_debug_renderer_info is deprecated in Firefox and will be removed. Please use RENDERER.
1696788754780	Marionette	INFO	Stopped listening on port 61407
JavaScript warning: https://www.skyscanner.ie/rf8vapwA/init.js, line 3: Script terminated by timeout at:
AS/Yr/<@https://www.skyscanner.ie/rf8vapwA/init.js:3:17225

JavaScript warning: https://tpc.googlesyndication.com/sodar/sodar2/225/runner.html, line 26: Script terminated by timeout at:
ra/</<@https://tpc.googlesyndication.com/sodar/sodar2/225/runner.html:26:93

1696788763842	geckodriver	INFO	Listening on 127.0.0.1:61541
1696788764358	mozrunner::runner	INFO	Running command: MOZ_CRASHREPORTER="1" MOZ_CRASHREPORTER_NO_REPORT="1" MOZ_CRASHREPORTER_SHUTDOWN="1" MOZ_NO_REMOTE="1" "/App ... s" "localhost" "-foreground" "-no-remote" "-profile" "/var/folders/s1/rntdtc892lj3f7n_c3fr09440000gn/T/rust_mozprofileSghs0J"
console.warn: services.settings: Ignoring preference override of remote settings server
console.warn: services.settings: Allow by setting MOZ_REMOTE_SETTINGS_DEVTOOLS=1 in the environment
1696788765591	Marionette	INFO	Marionette enabled
console.error: "Warning: unrecognized command line flag" "-remote-allow-hosts"
1696788766142	Marionette	INFO	Listening on port 61549
Read port: 61549
WebDriver BiDi listening on ws://127.0.0.1:61542
Read port: 61549
1696788767657	RemoteAgent	WARN	TLS certificate errors will be ignored for this session
Exiting due to channel error.
Exiting due to channel error.
1696788921101	geckodriver	INFO	Listening on 127.0.0.1:61718
1696788921125	mozrunner::runner	INFO	Running command: MOZ_CRASHREPORTER="1" MOZ_CRASHREPORTER_NO_REPORT="1" MOZ_CRASHREPORTER_SHUTDOWN="1" MOZ_NO_REMOTE="1" "/App ... s" "localhost" "-foreground" "-no-remote" "-profile" "/var/folders/s1/rntdtc892lj3f7n_c3fr09440000gn/T/rust_mozprofileEbFySP"
console.warn: services.settings: Ignoring preference override of remote settings server
console.warn: services.settings: Allow by setting MOZ_REMOTE_SETTINGS_DEVTOOLS=1 in the environment
1696788921973	Marionette	INFO	Marionette enabled
console.error: "Warning: unrecognized command line flag" "-remote-allow-hosts"
1696788922382	Marionette	INFO	Listening on port 61724
Read port: 61724
WebDriver BiDi listening on ws://127.0.0.1:61719
1696788923447	RemoteAgent	WARN	TLS certificate errors will be ignored for this session
DevTools listening on ws://127.0.0.1:61719/devtools/browser/e34015e9-58d3-4313-bd28-fc9b4bd91dc3
JavaScript warning: https://pagead2.googlesyndication.com/bg/YeTNF82ErcXtSc42GSWrie2SEIEL8DxR64dbf1nZkSc.js line 2 > eval line 7213 > eval line 1 > eval line 1 > eval, line 1: WEBGL_debug_renderer_info is deprecated in Firefox and will be removed. Please use RENDERER.
Exiting due to channel error.
Exiting due to channel error.
Exiting due to channel error.
Exiting due to channel error.
Exiting due to channel error.
Exiting due to channel error.
Exiting due to channel error.
Exiting due to channel error.
Exiting due to channel error.
1696789106829	geckodriver	INFO	Listening on 127.0.0.1:62019
1696789107354	mozrunner::runner	INFO	Running command: MOZ_CRASHREPORTER="1" MOZ_CRASHREPORTER_NO_REPORT="1" MOZ_CRASHREPORTER_SHUTDOWN="1" MOZ_NO_REMOTE="1" "/App ... s" "localhost" "-foreground" "-no-remote" "-profile" "/var/folders/s1/rntdtc892lj3f7n_c3fr09440000gn/T/rust_mozprofilePVkfch"
console.warn: services.settings: Ignoring preference override of remote settings server
console.warn: services.settings: Allow by setting MOZ_REMOTE_SETTINGS_DEVTOOLS=1 in the environment
1696789108543	Marionette	INFO	Marionette enabled
console.error: "Warning: unrecognized command line flag" "-remote-allow-hosts"
1696789109085	Marionette	INFO	Listening on port 62028
Read port: 62028
WebDriver BiDi listening on ws://127.0.0.1:62020
Read port: 62028
1696789110489	RemoteAgent	WARN	TLS certificate errors will be ignored for this session
DevTools listening on ws://127.0.0.1:62020/devtools/browser/d2c1bdc4-ad70-4c50-985e-1b2e1d5e7f2c
1696789121192	Marionette	INFO	Stopped listening on port 62028
JavaScript warning: https://www.clarity.ms/s/0.7.12/clarity.js, line 2: Script terminated by timeout at:
oa/</<@https://www.clarity.ms/s/0.7.12/clarity.js:2:34983
rt/u/</<@https://www.clarity.ms/s/0.7.12/clarity.js:2:7495
rt/u/<@https://www.clarity.ms/s/0.7.12/clarity.js:2:7600
at/<@https://www.clarity.ms/s/0.7.12/clarity.js:2:6515
nrWrapper@https://www.skyscanner.ie/transport/flights/DUB/ICN/240728/?adults=1:41:14405
e@https://www.skyscanner.ie/transport/flights/DUB/ICN/240728/?adults=1:41:18816
at@https://www.clarity.ms/s/0.7.12/clarity.js:2:6260
oa@https://www.clarity.ms/s/0.7.12/clarity.js:2:34801
ya/</<@https://www.clarity.ms/s/0.7.12/clarity.js:2:36869
rt/u/</<@https://www.clarity.ms/s/0.7.12/clarity.js:2:7495
rt/u/<@https://www.clarity.ms/s/0.7.12/clarity.js:2:7600
at/<@https://www.clarity.ms/s/0.7.12/clarity.js:2:6515
nrWrapper@https://www.skyscanner.ie/transport/flights/DUB/ICN/240728/?adults=1:41:14405
e@https://www.skyscanner.ie/transport/flights/DUB/ICN/240728/?adults=1:41:18816
at@https://www.clarity.ms/s/0.7.12/clarity.js:2:6260
ya@https://www.clarity.ms/s/0.7.12/clarity.js:2:36714
ma/</<@https://www.clarity.ms/s/0.7.12/clarity.js:2:36377
rt/u/</<@https://www.clarity.ms/s/0.7.12/clarity.js:2:7495
rt/u/<@https://www.clarity.ms/s/0.7.12/clarity.js:2:7600
at/<@https://www.clarity.ms/s/0.7.12/clarity.js:2:6515
nrWrapper@https://www.skyscanner.ie/transport/flights/DUB/ICN/240728/?adults=1:41:14405
e@https://www.skyscanner.ie/transport/flights/DUB/ICN/240728/?adults=1:41:18816
at@https://www.clarity.ms/s/0.7.12/clarity.js:2:6260
ma@https://www.clarity.ms/s/0.7.12/clarity.js:2:35353
pe@https://www.clarity.ms/s/0.7.12/clarity.js:2:17286
he/</<@https://www.clarity.ms/s/0.7.12/clarity.js:2:17227
rt/u/</<@https://www.clarity.ms/s/0.7.12/clarity.js:2:7495
rt/u/<@https://www.clarity.ms/s/0.7.12/clarity.js:2:7600
at/<@https://www.clarity.ms/s/0.7.12/clarity.js:2:6515
nrWrapper@https://www.skyscanner.ie/transport/flights/DUB/ICN/240728/?adults=1:41:14405
e@https://www.skyscanner.ie/transport/flights/DUB/ICN/240728/?adults=1:41:18816
at@https://www.clarity.ms/s/0.7.12/clarity.js:2:6260
he@https://www.clarity.ms/s/0.7.12/clarity.js:2:16986
ga@https://www.clarity.ms/s/0.7.12/clarity.js:2:35288
Qr/<@https://www.clarity.ms/s/0.7.12/clarity.js:2:53397
nrWrapper@https://www.skyscanner.ie/transport/flights/DUB/ICN/240728/?adults=1:41:14405

JavaScript warning: https://pagead2.googlesyndication.com/bg/YeTNF82ErcXtSc42GSWrie2SEIEL8DxR64dbf1nZkSc.js line 2 > eval, line 7089: Script terminated by timeout at:
O@https://pagead2.googlesyndication.com/bg/YeTNF82ErcXtSc42GSWrie2SEIEL8DxR64dbf1nZkSc.js line 2 > eval:7089:3212
lj/<@https://pagead2.googlesyndication.com/bg/YeTNF82ErcXtSc42GSWrie2SEIEL8DxR64dbf1nZkSc.js line 2 > eval:7089:806
Uo</<@https://pagead2.googlesyndication.com/bg/YeTNF82ErcXtSc42GSWrie2SEIEL8DxR64dbf1nZkSc.js line 2 > eval:7089:34038

1696789130623	geckodriver	INFO	Listening on 127.0.0.1:62164
1696789131147	mozrunner::runner	INFO	Running command: MOZ_CRASHREPORTER="1" MOZ_CRASHREPORTER_NO_REPORT="1" MOZ_CRASHREPORTER_SHUTDOWN="1" MOZ_NO_REMOTE="1" "/App ... s" "localhost" "-foreground" "-no-remote" "-profile" "/var/folders/s1/rntdtc892lj3f7n_c3fr09440000gn/T/rust_mozprofile0QxisA"
console.warn: services.settings: Ignoring preference override of remote settings server
console.warn: services.settings: Allow by setting MOZ_REMOTE_SETTINGS_DEVTOOLS=1 in the environment
1696789132065	Marionette	INFO	Marionette enabled
console.error: "Warning: unrecognized command line flag" "-remote-allow-hosts"
1696789132510	Marionette	INFO	Listening on port 62172
Read port: 62172
WebDriver BiDi listening on ws://127.0.0.1:62165
1696789133417	RemoteAgent	WARN	TLS certificate errors will be ignored for this session
DevTools listening on ws://127.0.0.1:62165/devtools/browser/d0e1cd93-2ad9-44da-8f18-cbe11429915f
1696789137487	Marionette	WARN	Ignoring event 'pageshow' because document has an invalid readyState of 'interactive'.
1696789137500	Marionette	WARN	Ignoring event 'pageshow' because document has an invalid readyState of 'interactive'.
1696789137509	Marionette	WARN	Ignoring event 'pageshow' because document has an invalid readyState of 'interactive'.
1696789137518	Marionette	WARN	Ignoring event 'pageshow' because document has an invalid readyState of 'interactive'.
1696789137525	Marionette	WARN	Ignoring event 'pageshow' because document has an invalid readyState of 'interactive'.
1696789137532	Marionette	WARN	Ignoring event 'pageshow' because document has an invalid readyState of 'interactive'.
1696789137538	Marionette	WARN	Ignoring event 'pageshow' because document has an invalid readyState of 'interactive'.
1696789137545	Marionette	WARN	Ignoring event 'pageshow' because document has an invalid readyState of 'interactive'.
1696789137551	Marionette	WARN	Ignoring event 'pageshow' because document has an invalid readyState of 'interactive'.
1696789137560	Marionette	WARN	Ignoring event 'pageshow' because document has an invalid readyState of 'interactive'.
JavaScript warning: https://www.skyscanner.ie/rf8vapwA/init.js, line 2: WEBGL_debug_renderer_info is deprecated in Firefox and will be removed. Please use RENDERER.
Exiting due to channel error.
Exiting due to channel error.
Exiting due to channel error.
Exiting due to channel error.
Exiting due to channel error.
1696790029272	geckodriver	INFO	Listening on 127.0.0.1:63149
1696790029794	mozrunner::runner	INFO	Running command: MOZ_CRASHREPORTER="1" MOZ_CRASHREPORTER_NO_REPORT="1" MOZ_CRASHREPORTER_SHUTDOWN="1" MOZ_NO_REMOTE="1" "/App ... s" "localhost" "-foreground" "-no-remote" "-profile" "/var/folders/s1/rntdtc892lj3f7n_c3fr09440000gn/T/rust_mozprofileuYW0UO"
console.warn: services.settings: Ignoring preference override of remote settings server
console.warn: services.settings: Allow by setting MOZ_REMOTE_SETTINGS_DEVTOOLS=1 in the environment
1696790030460	Marionette	INFO	Marionette enabled
console.error: "Warning: unrecognized command line flag" "-remote-allow-hosts"
1696790030735	Marionette	INFO	Listening on port 63157
Read port: 63157
WebDriver BiDi listening on ws://127.0.0.1:63150
1696790031160	RemoteAgent	WARN	TLS certificate errors will be ignored for this session
DevTools listening on ws://127.0.0.1:63150/devtools/browser/ba8e9094-5894-49e6-8be5-b9f5f10611f9
JavaScript warning: https://pagead2.googlesyndication.com/bg/YeTNF82ErcXtSc42GSWrie2SEIEL8DxR64dbf1nZkSc.js line 2 > eval line 6736 > eval line 1 > eval line 1 > eval, line 1: WEBGL_debug_renderer_info is deprecated in Firefox and will be removed. Please use RENDERER.
1696790041273	Marionette	INFO	Stopped listening on port 63157
JavaScript warning: https://www.skyscanner.ie/transport/flights/DUB/ICN/240728/?adults=1, line 41: Script terminated by timeout at:
nrWrapper@https://www.skyscanner.ie/transport/flights/DUB/ICN/240728/?adults=1:41:14255

1696790051373	geckodriver	INFO	Listening on 127.0.0.1:63289
1696790051896	mozrunner::runner	INFO	Running command: MOZ_CRASHREPORTER="1" MOZ_CRASHREPORTER_NO_REPORT="1" MOZ_CRASHREPORTER_SHUTDOWN="1" MOZ_NO_REMOTE="1" "/App ... s" "localhost" "-foreground" "-no-remote" "-profile" "/var/folders/s1/rntdtc892lj3f7n_c3fr09440000gn/T/rust_mozprofiledo9x5w"
console.warn: services.settings: Ignoring preference override of remote settings server
console.warn: services.settings: Allow by setting MOZ_REMOTE_SETTINGS_DEVTOOLS=1 in the environment
1696790052481	Marionette	INFO	Marionette enabled
console.error: "Warning: unrecognized command line flag" "-remote-allow-hosts"
1696790053175	Marionette	INFO	Listening on port 63297
WebDriver BiDi listening on ws://127.0.0.1:63290
Read port: 63297
1696790053434	RemoteAgent	WARN	TLS certificate errors will be ignored for this session
DevTools listening on ws://127.0.0.1:63290/devtools/browser/4d780470-9108-4b8e-9a9d-10d60eac5e98
1696790056267	Marionette	WARN	Ignoring event 'pageshow' because document has an invalid readyState of 'interactive'.
1696790056275	Marionette	WARN	Ignoring event 'pageshow' because document has an invalid readyState of 'interactive'.
1696790056283	Marionette	WARN	Ignoring event 'pageshow' because document has an invalid readyState of 'interactive'.
1696790056289	Marionette	WARN	Ignoring event 'pageshow' because document has an invalid readyState of 'interactive'.
1696790056294	Marionette	WARN	Ignoring event 'pageshow' because document has an invalid readyState of 'interactive'.
1696790056299	Marionette	WARN	Ignoring event 'pageshow' because document has an invalid readyState of 'interactive'.
1696790056307	Marionette	WARN	Ignoring event 'pageshow' because document has an invalid readyState of 'interactive'.
1696790056315	Marionette	WARN	Ignoring event 'pageshow' because document has an invalid readyState of 'interactive'.
1696790056321	Marionette	WARN	Ignoring event 'pageshow' because document has an invalid readyState of 'interactive'.
1696790056326	Marionette	WARN	Ignoring event 'pageshow' because document has an invalid readyState of 'interactive'.
JavaScript warning: https://www.skyscanner.ie/rf8vapwA/init.js, line 2: WEBGL_debug_renderer_info is deprecated in Firefox and will be removed. Please use RENDERER.
JavaScript warning: https://www.skyscanner.ie/rf8vapwA/init.js, line 3: Script terminated by timeout at:
fc@https://www.skyscanner.ie/rf8vapwA/init.js:3:34240

Exiting due to channel error.
Exiting due to channel error.
Exiting due to channel error.
Exiting due to channel error.
1696790080948	geckodriver	INFO	Listening on 127.0.0.1:63357
1696790080976	mozrunner::runner	INFO	Running command: MOZ_CRASHREPORTER="1" MOZ_CRASHREPORTER_NO_REPORT="1" MOZ_CRASHREPORTER_SHUTDOWN="1" MOZ_NO_REMOTE="1" "/App ... s" "localhost" "-foreground" "-no-remote" "-profile" "/var/folders/s1/rntdtc892lj3f7n_c3fr09440000gn/T/rust_mozprofileBNXeMA"
console.warn: services.settings: Ignoring preference override of remote settings server
console.warn: services.settings: Allow by setting MOZ_REMOTE_SETTINGS_DEVTOOLS=1 in the environment
1696790082244	Marionette	INFO	Marionette enabled
console.error: "Warning: unrecognized command line flag" "-remote-allow-hosts"
1696790082726	Marionette	INFO	Listening on port 63363
Read port: 63363
WebDriver BiDi listening on ws://127.0.0.1:63358
1696790083514	RemoteAgent	WARN	TLS certificate errors will be ignored for this session
DevTools listening on ws://127.0.0.1:63358/devtools/browser/519dbf8f-0321-479e-bfd7-e15dd218bd7e
1696790088986	Marionette	WARN	Ignoring event 'pageshow' because document has an invalid readyState of 'interactive'.
1696790088997	Marionette	WARN	Ignoring event 'pageshow' because document has an invalid readyState of 'interactive'.
1696790089018	Marionette	WARN	Ignoring event 'pageshow' because document has an invalid readyState of 'interactive'.
1696790089031	Marionette	WARN	Ignoring event 'pageshow' because document has an invalid readyState of 'interactive'.
1696790089040	Marionette	WARN	Ignoring event 'pageshow' because document has an invalid readyState of 'interactive'.
1696790089050	Marionette	WARN	Ignoring event 'pageshow' because document has an invalid readyState of 'interactive'.
1696790089060	Marionette	WARN	Ignoring event 'pageshow' because document has an invalid readyState of 'interactive'.
1696790089068	Marionette	WARN	Ignoring event 'pageshow' because document has an invalid readyState of 'interactive'.
1696790089075	Marionette	WARN	Ignoring event 'pageshow' because document has an invalid readyState of 'interactive'.
1696790089084	Marionette	WARN	Ignoring event 'pageshow' because document has an invalid readyState of 'interactive'.
JavaScript warning: https://www.skyscanner.ie/rf8vapwA/init.js, line 2: WEBGL_debug_renderer_info is deprecated in Firefox and will be removed. Please use RENDERER.
1696790097556	Marionette	INFO	Stopped listening on port 63363
JavaScript warning: https://www.skyscanner.ie/rf8vapwA/init.js, line 2: Script terminated by timeout at:
jv@https://www.skyscanner.ie/rf8vapwA/init.js:2:149468

1696790318592	geckodriver	INFO	Listening on 127.0.0.1:63685
1696790319123	mozrunner::runner	INFO	Running command: MOZ_CRASHREPORTER="1" MOZ_CRASHREPORTER_NO_REPORT="1" MOZ_CRASHREPORTER_SHUTDOWN="1" MOZ_NO_REMOTE="1" "/App ... s" "localhost" "-foreground" "-no-remote" "-profile" "/var/folders/s1/rntdtc892lj3f7n_c3fr09440000gn/T/rust_mozprofile1EPVrr"
console.warn: services.settings: Ignoring preference override of remote settings server
console.warn: services.settings: Allow by setting MOZ_REMOTE_SETTINGS_DEVTOOLS=1 in the environment
1696790319996	Marionette	INFO	Marionette enabled
console.error: "Warning: unrecognized command line flag" "-remote-allow-hosts"
1696790320483	Marionette	INFO	Listening on port 63694
Read port: 63694
WebDriver BiDi listening on ws://127.0.0.1:63686
1696790321469	RemoteAgent	WARN	TLS certificate errors will be ignored for this session
DevTools listening on ws://127.0.0.1:63686/devtools/browser/8c7c68aa-b70c-4948-b869-88ce3467ff2d
JavaScript warning: https://pagead2.googlesyndication.com/bg/YeTNF82ErcXtSc42GSWrie2SEIEL8DxR64dbf1nZkSc.js line 2 > eval line 1458 > eval line 1 > eval line 1 > eval, line 1: WEBGL_debug_renderer_info is deprecated in Firefox and will be removed. Please use RENDERER.
1696790330697	Marionette	INFO	Stopped listening on port 63694
JavaScript warning: https://www.skyscanner.ie/transport/flights/DUB/ICN/240728/?adults=1, line 41: Script terminated by timeout at:
nrWrapper@https://www.skyscanner.ie/transport/flights/DUB/ICN/240728/?adults=1:41:14255

JavaScript error: resource:///modules/BrowserWindowTracker.sys.mjs, line 345: TypeError: win is null
JavaScript error: resource:///modules/BrowserWindowTracker.sys.mjs, line 249: TypeError: window is null
JavaScript error: resource:///modules/BrowserWindowTracker.sys.mjs, line 249: TypeError: window is null
JavaScript error: resource:///modules/BrowserWindowTracker.sys.mjs, line 249: TypeError: window is null
JavaScript error: resource:///modules/BrowserWindowTracker.sys.mjs, line 249: TypeError: window is null
JavaScript error: resource:///modules/BrowserWindowTracker.sys.mjs, line 249: TypeError: window is null
JavaScript error: resource:///modules/BrowserWindowTracker.sys.mjs, line 249: TypeError: window is null
JavaScript error: resource:///modules/BrowserWindowTracker.sys.mjs, line 249: TypeError: window is null
JavaScript error: resource:///modules/BrowserWindowTracker.sys.mjs, line 249: TypeError: window is null
JavaScript error: resource:///modules/BrowserWindowTracker.sys.mjs, line 249: TypeError: window is null
1696790356222	geckodriver	INFO	Listening on 127.0.0.1:63847
1696790356745	mozrunner::runner	INFO	Running command: MOZ_CRASHREPORTER="1" MOZ_CRASHREPORTER_NO_REPORT="1" MOZ_CRASHREPORTER_SHUTDOWN="1" MOZ_NO_REMOTE="1" "/App ... s" "localhost" "-foreground" "-no-remote" "-profile" "/var/folders/s1/rntdtc892lj3f7n_c3fr09440000gn/T/rust_mozprofileSqXkMb"
console.warn: services.settings: Ignoring preference override of remote settings server
console.warn: services.settings: Allow by setting MOZ_REMOTE_SETTINGS_DEVTOOLS=1 in the environment
1696790357423	Marionette	INFO	Marionette enabled
console.error: "Warning: unrecognized command line flag" "-remote-allow-hosts"
1696790357788	Marionette	INFO	Listening on port 63854
Read port: 63854
WebDriver BiDi listening on ws://127.0.0.1:63848
1696790358854	RemoteAgent	WARN	TLS certificate errors will be ignored for this session
DevTools listening on ws://127.0.0.1:63848/devtools/browser/83d60c3a-92ed-4d0b-8ca1-cdbe895e2312
1696790362390	Marionette	WARN	Ignoring event 'pageshow' because document has an invalid readyState of 'interactive'.
1696790362399	Marionette	WARN	Ignoring event 'pageshow' because document has an invalid readyState of 'interactive'.
1696790362416	Marionette	WARN	Ignoring event 'pageshow' because document has an invalid readyState of 'interactive'.
1696790362426	Marionette	WARN	Ignoring event 'pageshow' because document has an invalid readyState of 'interactive'.
1696790362435	Marionette	WARN	Ignoring event 'pageshow' because document has an invalid readyState of 'interactive'.
1696790362447	Marionette	WARN	Ignoring event 'pageshow' because document has an invalid readyState of 'interactive'.
1696790362459	Marionette	WARN	Ignoring event 'pageshow' because document has an invalid readyState of 'interactive'.
1696790362468	Marionette	WARN	Ignoring event 'pageshow' because document has an invalid readyState of 'interactive'.
1696790362477	Marionette	WARN	Ignoring event 'pageshow' because document has an invalid readyState of 'interactive'.
1696790362485	Marionette	WARN	Ignoring event 'pageshow' because document has an invalid readyState of 'interactive'.
JavaScript warning: https://www.skyscanner.ie/rf8vapwA/init.js, line 2: WEBGL_debug_renderer_info is deprecated in Firefox and will be removed. Please use RENDERER.
console.warn: services.settings: Ignoring preference override of remote settings server
console.warn: services.settings: Allow by setting MOZ_REMOTE_SETTINGS_DEVTOOLS=1 in the environment
console.error: (new TypeError("lazy.AsyncShutdown.profileBeforeChange is undefined", "resource://services-settings/Database.sys.mjs", 593))
1696790373695	Marionette	WARN	Ignoring event 'pageshow' because document has an invalid readyState of 'interactive'.
1696790373705	Marionette	WARN	Ignoring event 'pageshow' because document has an invalid readyState of 'interactive'.
1696790373719	Marionette	WARN	Ignoring event 'pageshow' because document has an invalid readyState of 'interactive'.
1696790373728	Marionette	WARN	Ignoring event 'pageshow' because document has an invalid readyState of 'interactive'.
1696790373739	Marionette	WARN	Ignoring event 'pageshow' because document has an invalid readyState of 'interactive'.
1696790373746	Marionette	WARN	Ignoring event 'pageshow' because document has an invalid readyState of 'interactive'.
1696790373760	Marionette	WARN	Ignoring event 'pageshow' because document has an invalid readyState of 'interactive'.
1696790373773	Marionette	WARN	Ignoring event 'pageshow' because document has an invalid readyState of 'interactive'.
1696790373783	Marionette	WARN	Ignoring event 'pageshow' because document has an invalid readyState of 'interactive'.
1696790373791	Marionette	WARN	Ignoring event 'pageshow' because document has an invalid readyState of 'interactive'.
JavaScript warning: https://www.skyscanner.ie/rf8vapwA/init.js, line 2: WEBGL_debug_renderer_info is deprecated in Firefox and will be removed. Please use RENDERER.
Exiting due to channel error.
Exiting due to channel error.
Exiting due to channel error.
Exiting due to channel error.
Exiting due to channel error.
1696790800764	geckodriver	INFO	Listening on 127.0.0.1:64414
1696790801398	mozrunner::runner	INFO	Running command: MOZ_CRASHREPORTER="1" MOZ_CRASHREPORTER_NO_REPORT="1" MOZ_CRASHREPORTER_SHUTDOWN="1" MOZ_NO_REMOTE="1" "/App ... s" "localhost" "-foreground" "-no-remote" "-profile" "/var/folders/s1/rntdtc892lj3f7n_c3fr09440000gn/T/rust_mozprofileXtBosM"
console.warn: services.settings: Ignoring preference override of remote settings server
console.warn: services.settings: Allow by setting MOZ_REMOTE_SETTINGS_DEVTOOLS=1 in the environment
1696790806438	Marionette	INFO	Marionette enabled
console.error: "Warning: unrecognized command line flag" "-remote-allow-hosts"
1696790807919	Marionette	INFO	Listening on port 64428
Read port: 64428
Read port: 64428
Read port: 64428
Read port: 64428
WebDriver BiDi listening on ws://127.0.0.1:64415
Read port: 64428
1696790813320	RemoteAgent	WARN	TLS certificate errors will be ignored for this session
console.error: Region.sys.mjs: "Error fetching region" (new AbortError("The operation was aborted. ", (void 0), 757))
console.error: Region.sys.mjs: "Failed to fetch region" (new Error("NO_RESULT", "resource://gre/modules/Region.sys.mjs", 411))
DevTools listening on ws://127.0.0.1:64415/devtools/browser/cbc7585a-2b11-431b-bd95-ea9f2d1b2ed9
1696790849111	Marionette	INFO	Stopped listening on port 64428
JavaScript warning: https://www.skyscanner.ie/transport/flights/DUB/ICN/240727/?adults=1, line 41: Script terminated by timeout at:
v@https://www.skyscanner.ie/transport/flights/DUB/ICN/240727/?adults=1:41:7634
M/</a.prototype.then@https://www.skyscanner.ie/transport/flights/DUB/ICN/240727/?adults=1:41:19733
o@https://www.skyscanner.ie/rf8vapwA/init.js:3:22239

console.warn: services.settings: security-state/onecrl sync interrupted by shutdown
1696790899161	geckodriver	INFO	Listening on 127.0.0.1:64638
1696790899707	mozrunner::runner	INFO	Running command: MOZ_CRASHREPORTER="1" MOZ_CRASHREPORTER_NO_REPORT="1" MOZ_CRASHREPORTER_SHUTDOWN="1" MOZ_NO_REMOTE="1" "/App ... s" "localhost" "-foreground" "-no-remote" "-profile" "/var/folders/s1/rntdtc892lj3f7n_c3fr09440000gn/T/rust_mozprofile3XOXtJ"
console.warn: services.settings: Ignoring preference override of remote settings server
console.warn: services.settings: Allow by setting MOZ_REMOTE_SETTINGS_DEVTOOLS=1 in the environment
1696790902854	Marionette	INFO	Marionette enabled
console.error: "Warning: unrecognized command line flag" "-remote-allow-hosts"
1696790903684	Marionette	INFO	Listening on port 64648
Read port: 64648
Read port: 64648
WebDriver BiDi listening on ws://127.0.0.1:64639
1696790905019	RemoteAgent	WARN	TLS certificate errors will be ignored for this session
DevTools listening on ws://127.0.0.1:64639/devtools/browser/a03a55c0-bb11-4546-a705-a56c132b60ac
1696790922550	Marionette	INFO	Stopped listening on port 64648
JavaScript warning: https://www.skyscanner.ie/transport/flights/PUS/NRT/240802/?adults=1, line 41: Script terminated by timeout at:
v@https://www.skyscanner.ie/transport/flights/PUS/NRT/240802/?adults=1:41:7634
v@https://www.skyscanner.ie/transport/flights/PUS/NRT/240802/?adults=1:41:7672
o@https://www.skyscanner.ie/transport/flights/PUS/NRT/240802/?adults=1:41:14538
nrWrapper@https://www.skyscanner.ie/transport/flights/PUS/NRT/240802/?adults=1:41:14465

1696790938859	geckodriver	INFO	Listening on 127.0.0.1:64793
1696790939389	mozrunner::runner	INFO	Running command: MOZ_CRASHREPORTER="1" MOZ_CRASHREPORTER_NO_REPORT="1" MOZ_CRASHREPORTER_SHUTDOWN="1" MOZ_NO_REMOTE="1" "/App ... s" "localhost" "-foreground" "-no-remote" "-profile" "/var/folders/s1/rntdtc892lj3f7n_c3fr09440000gn/T/rust_mozprofileuKwla1"
console.warn: services.settings: Ignoring preference override of remote settings server
console.warn: services.settings: Allow by setting MOZ_REMOTE_SETTINGS_DEVTOOLS=1 in the environment
1696790941104	Marionette	INFO	Marionette enabled
console.error: "Warning: unrecognized command line flag" "-remote-allow-hosts"
1696790941750	Marionette	INFO	Listening on port 64802
Read port: 64802
WebDriver BiDi listening on ws://127.0.0.1:64794
Read port: 64802
1696790943871	RemoteAgent	WARN	TLS certificate errors will be ignored for this session
DevTools listening on ws://127.0.0.1:64794/devtools/browser/6bc48fbe-48db-482f-9a7f-f23233fdc2fc
1696790950648	Marionette	WARN	Ignoring event 'pageshow' because document has an invalid readyState of 'interactive'.
1696790950661	Marionette	WARN	Ignoring event 'pageshow' because document has an invalid readyState of 'interactive'.
1696790950676	Marionette	WARN	Ignoring event 'pageshow' because document has an invalid readyState of 'interactive'.
1696790950700	Marionette	WARN	Ignoring event 'pageshow' because document has an invalid readyState of 'interactive'.
1696790950713	Marionette	WARN	Ignoring event 'pageshow' because document has an invalid readyState of 'interactive'.
1696790950733	Marionette	WARN	Ignoring event 'pageshow' because document has an invalid readyState of 'interactive'.
1696790950745	Marionette	WARN	Ignoring event 'pageshow' because document has an invalid readyState of 'interactive'.
1696790950757	Marionette	WARN	Ignoring event 'pageshow' because document has an invalid readyState of 'interactive'.
1696790950769	Marionette	WARN	Ignoring event 'pageshow' because document has an invalid readyState of 'interactive'.
1696790950782	Marionette	WARN	Ignoring event 'pageshow' because document has an invalid readyState of 'interactive'.
JavaScript warning: https://www.skyscanner.ie/rf8vapwA/init.js, line 2: WEBGL_debug_renderer_info is deprecated in Firefox and will be removed. Please use RENDERER.
Exiting due to channel error.
Exiting due to channel error.
Exiting due to channel error.
Exiting due to channel error.
Exiting due to channel error.
1696791470430	geckodriver	INFO	Listening on 127.0.0.1:65405
1696791470971	mozrunner::runner	INFO	Running command: MOZ_CRASHREPORTER="1" MOZ_CRASHREPORTER_NO_REPORT="1" MOZ_CRASHREPORTER_SHUTDOWN="1" MOZ_NO_REMOTE="1" "/App ... s" "localhost" "-foreground" "-no-remote" "-profile" "/var/folders/s1/rntdtc892lj3f7n_c3fr09440000gn/T/rust_mozprofileawx7Lm"
console.warn: services.settings: Ignoring preference override of remote settings server
console.warn: services.settings: Allow by setting MOZ_REMOTE_SETTINGS_DEVTOOLS=1 in the environment
1696791471527	Marionette	INFO	Marionette enabled
console.error: "Warning: unrecognized command line flag" "-remote-allow-hosts"
1696791472522	Marionette	INFO	Listening on port 65414
Read port: 65414
WebDriver BiDi listening on ws://127.0.0.1:65406
1696791472615	RemoteAgent	WARN	TLS certificate errors will be ignored for this session
DevTools listening on ws://127.0.0.1:65406/devtools/browser/81d76940-7a8b-4e87-b702-b0bc1211e863
1696791479093	Marionette	INFO	Stopped listening on port 65414
JavaScript warning: https://pagead2.googlesyndication.com/bg/YeTNF82ErcXtSc42GSWrie2SEIEL8DxR64dbf1nZkSc.js line 2 > eval, line 2633: Script terminated by timeout at:
O6@https://pagead2.googlesyndication.com/bg/YeTNF82ErcXtSc42GSWrie2SEIEL8DxR64dbf1nZkSc.js line 2 > eval:2633:16105
Z@https://pagead2.googlesyndication.com/bg/YeTNF82ErcXtSc42GSWrie2SEIEL8DxR64dbf1nZkSc.js line 2 > eval:2633:21573
mv.tYI_@https://pagead2.googlesyndication.com/bg/YeTNF82ErcXtSc42GSWrie2SEIEL8DxR64dbf1nZkSc.js line 2 > eval:2633:37298
dZ@https://pagead2.googlesyndication.com/bg/YeTNF82ErcXtSc42GSWrie2SEIEL8DxR64dbf1nZkSc.js line 2 > eval:2633:378
zs@https://pagead2.googlesyndication.com/bg/YeTNF82ErcXtSc42GSWrie2SEIEL8DxR64dbf1nZkSc.js line 2 > eval:2633:22492
$P@https://pagead2.googlesyndication.com/bg/YeTNF82ErcXtSc42GSWrie2SEIEL8DxR64dbf1nZkSc.js line 2 > eval:2633:9980
wT@https://pagead2.googlesyndication.com/bg/YeTNF82ErcXtSc42GSWrie2SEIEL8DxR64dbf1nZkSc.js line 2 > eval:2633:22934
va/<@https://tpc.googlesyndication.com/sodar/sodar2/225/runner.html:27:191
va@https://tpc.googlesyndication.com/sodar/sodar2/225/runner.html:27:129
d/<@https://tpc.googlesyndication.com/sodar/sodar2/225/runner.html:26:436
J@https://tpc.googlesyndication.com/sodar/sodar2/225/runner.html:16:39
ha/this.next@https://tpc.googlesyndication.com/sodar/sodar2/225/runner.html:17:89
k@https://tpc.googlesyndication.com/sodar/sodar2/225/runner.html:24:287

JavaScript warning: https://www.skyscanner.ie/transport/flights/DUB/ICN/240701/?adults=1, line 41: Script terminated by timeout at:
nrWrapper@https://www.skyscanner.ie/transport/flights/DUB/ICN/240701/?adults=1:41:14255

1696791510181	geckodriver	INFO	Listening on 127.0.0.1:49174
1696791510715	mozrunner::runner	INFO	Running command: MOZ_CRASHREPORTER="1" MOZ_CRASHREPORTER_NO_REPORT="1" MOZ_CRASHREPORTER_SHUTDOWN="1" MOZ_NO_REMOTE="1" "/App ... s" "localhost" "-foreground" "-no-remote" "-profile" "/var/folders/s1/rntdtc892lj3f7n_c3fr09440000gn/T/rust_mozprofile5IX5kv"
console.warn: services.settings: Ignoring preference override of remote settings server
console.warn: services.settings: Allow by setting MOZ_REMOTE_SETTINGS_DEVTOOLS=1 in the environment
1696791511295	Marionette	INFO	Marionette enabled
console.error: "Warning: unrecognized command line flag" "-remote-allow-hosts"
1696791511625	Marionette	INFO	Listening on port 49182
Read port: 49182
WebDriver BiDi listening on ws://127.0.0.1:49175
1696791511977	RemoteAgent	WARN	TLS certificate errors will be ignored for this session
DevTools listening on ws://127.0.0.1:49175/devtools/browser/442e1f9f-169e-4291-b3b0-696f0deec944
1696791514900	Marionette	WARN	Ignoring event 'pageshow' because document has an invalid readyState of 'interactive'.
1696791514907	Marionette	WARN	Ignoring event 'pageshow' because document has an invalid readyState of 'interactive'.
1696791514912	Marionette	WARN	Ignoring event 'pageshow' because document has an invalid readyState of 'interactive'.
1696791514917	Marionette	WARN	Ignoring event 'pageshow' because document has an invalid readyState of 'interactive'.
1696791514923	Marionette	WARN	Ignoring event 'pageshow' because document has an invalid readyState of 'interactive'.
1696791514930	Marionette	WARN	Ignoring event 'pageshow' because document has an invalid readyState of 'interactive'.
1696791514938	Marionette	WARN	Ignoring event 'pageshow' because document has an invalid readyState of 'interactive'.
1696791514946	Marionette	WARN	Ignoring event 'pageshow' because document has an invalid readyState of 'interactive'.
1696791514952	Marionette	WARN	Ignoring event 'pageshow' because document has an invalid readyState of 'interactive'.
1696791514957	Marionette	WARN	Ignoring event 'pageshow' because document has an invalid readyState of 'interactive'.
JavaScript warning: https://www.skyscanner.ie/rf8vapwA/init.js, line 2: WEBGL_debug_renderer_info is deprecated in Firefox and will be removed. Please use RENDERER.
JavaScript warning: https://www.skyscanner.ie/rf8vapwA/init.js, line 3: Script terminated by timeout at:
fc@https://www.skyscanner.ie/rf8vapwA/init.js:3:34240

Exiting due to channel error.
Exiting due to channel error.
Exiting due to channel error.
Exiting due to channel error.
1696791725989	geckodriver	INFO	Listening on 127.0.0.1:49438
1696791726014	mozrunner::runner	INFO	Running command: MOZ_CRASHREPORTER="1" MOZ_CRASHREPORTER_NO_REPORT="1" MOZ_CRASHREPORTER_SHUTDOWN="1" MOZ_NO_REMOTE="1" "/App ... s" "localhost" "-foreground" "-no-remote" "-profile" "/var/folders/s1/rntdtc892lj3f7n_c3fr09440000gn/T/rust_mozprofileV5n6Mf"
console.warn: services.settings: Ignoring preference override of remote settings server
console.warn: services.settings: Allow by setting MOZ_REMOTE_SETTINGS_DEVTOOLS=1 in the environment
1696791726450	Marionette	INFO	Marionette enabled
console.error: "Warning: unrecognized command line flag" "-remote-allow-hosts"
1696791727004	Marionette	INFO	Listening on port 49443
WebDriver BiDi listening on ws://127.0.0.1:49439
Read port: 49443
1696791727239	RemoteAgent	WARN	TLS certificate errors will be ignored for this session
DevTools listening on ws://127.0.0.1:49439/devtools/browser/7775d083-5026-4ed9-b953-776122257a1d
JavaScript warning: https://pagead2.googlesyndication.com/bg/YeTNF82ErcXtSc42GSWrie2SEIEL8DxR64dbf1nZkSc.js line 2 > eval line 1746 > eval line 1 > eval line 1 > eval, line 1: WEBGL_debug_renderer_info is deprecated in Firefox and will be removed. Please use RENDERER.
1696791735882	Marionette	INFO	Stopped listening on port 49443
JavaScript warning: https://www.skyscanner.ie/transport/flights/DUB/ICN/240701/?adults=1, line 41: Script terminated by timeout at:
nrWrapper@https://www.skyscanner.ie/transport/flights/DUB/ICN/240701/?adults=1:41:14255

1696791784715	geckodriver	INFO	Listening on 127.0.0.1:49617
1696791785231	mozrunner::runner	INFO	Running command: MOZ_CRASHREPORTER="1" MOZ_CRASHREPORTER_NO_REPORT="1" MOZ_CRASHREPORTER_SHUTDOWN="1" MOZ_NO_REMOTE="1" "/App ... s" "localhost" "-foreground" "-no-remote" "-profile" "/var/folders/s1/rntdtc892lj3f7n_c3fr09440000gn/T/rust_mozprofileCabK4b"
console.warn: services.settings: Ignoring preference override of remote settings server
console.warn: services.settings: Allow by setting MOZ_REMOTE_SETTINGS_DEVTOOLS=1 in the environment
1696791785685	Marionette	INFO	Marionette enabled
console.error: "Warning: unrecognized command line flag" "-remote-allow-hosts"
1696791785947	Marionette	INFO	Listening on port 49625
Read port: 49625
WebDriver BiDi listening on ws://127.0.0.1:49618
1696791786747	RemoteAgent	WARN	TLS certificate errors will be ignored for this session
DevTools listening on ws://127.0.0.1:49618/devtools/browser/3cc89ad5-676c-415e-b52d-5fa0a842a4cd
1696791789858	Marionette	WARN	Ignoring event 'pageshow' because document has an invalid readyState of 'interactive'.
1696791789863	Marionette	WARN	Ignoring event 'pageshow' because document has an invalid readyState of 'interactive'.
1696791789868	Marionette	WARN	Ignoring event 'pageshow' because document has an invalid readyState of 'interactive'.
1696791789872	Marionette	WARN	Ignoring event 'pageshow' because document has an invalid readyState of 'interactive'.
1696791789876	Marionette	WARN	Ignoring event 'pageshow' because document has an invalid readyState of 'interactive'.
1696791789884	Marionette	WARN	Ignoring event 'pageshow' because document has an invalid readyState of 'interactive'.
1696791789889	Marionette	WARN	Ignoring event 'pageshow' because document has an invalid readyState of 'interactive'.
1696791789895	Marionette	WARN	Ignoring event 'pageshow' because document has an invalid readyState of 'interactive'.
1696791789899	Marionette	WARN	Ignoring event 'pageshow' because document has an invalid readyState of 'interactive'.
1696791789904	Marionette	WARN	Ignoring event 'pageshow' because document has an invalid readyState of 'interactive'.
JavaScript warning: https://www.skyscanner.ie/rf8vapwA/init.js, line 2: WEBGL_debug_renderer_info is deprecated in Firefox and will be removed. Please use RENDERER.
1696791815407	Marionette	INFO	Stopped listening on port 49625
JavaScript warning: https://www.skyscanner.ie/rf8vapwA/init.js, line 4: Script terminated by timeout at:
sm@https://www.skyscanner.ie/rf8vapwA/init.js:4:10434

JavaScript error: resource://gre/modules/AddonManager.sys.mjs, line 1284: NS_ERROR_NOT_INITIALIZED: AddonManager is not initialized
JavaScript error: resource://gre/modules/UpdateService.sys.mjs, line 5406: TypeError: request.channel is null
1696791881074	geckodriver	INFO	Listening on 127.0.0.1:49758
1696791881603	mozrunner::runner	INFO	Running command: MOZ_CRASHREPORTER="1" MOZ_CRASHREPORTER_NO_REPORT="1" MOZ_CRASHREPORTER_SHUTDOWN="1" MOZ_NO_REMOTE="1" "/App ... s" "localhost" "-foreground" "-no-remote" "-profile" "/var/folders/s1/rntdtc892lj3f7n_c3fr09440000gn/T/rust_mozprofilexvlDvj"
console.warn: services.settings: Ignoring preference override of remote settings server
console.warn: services.settings: Allow by setting MOZ_REMOTE_SETTINGS_DEVTOOLS=1 in the environment
1696791882039	Marionette	INFO	Marionette enabled
console.error: "Warning: unrecognized command line flag" "-remote-allow-hosts"
1696791882539	Marionette	INFO	Listening on port 49765
WebDriver BiDi listening on ws://127.0.0.1:49759
Read port: 49765
1696791882752	RemoteAgent	WARN	TLS certificate errors will be ignored for this session
DevTools listening on ws://127.0.0.1:49759/devtools/browser/67e02a8d-9bc3-42f0-b419-489a392b8988
1696791887446	Marionette	INFO	Stopped listening on port 49765
JavaScript warning: https://www.skyscanner.ie/transport/flights/KIX/DUB/240711/?adults=1, line 41: Script terminated by timeout at:
n@https://www.skyscanner.ie/transport/flights/KIX/DUB/240711/?adults=1:41:9930
b@https://www.skyscanner.ie/transport/flights/KIX/DUB/240711/?adults=1:41:49790
v@https://www.skyscanner.ie/transport/flights/KIX/DUB/240711/?adults=1:41:7734
o@https://www.skyscanner.ie/transport/flights/KIX/DUB/240711/?adults=1:41:14538
nrWrapper@https://www.skyscanner.ie/transport/flights/KIX/DUB/240711/?adults=1:41:14465

1696791956343	geckodriver	INFO	Listening on 127.0.0.1:49942
1696791956871	mozrunner::runner	INFO	Running command: MOZ_CRASHREPORTER="1" MOZ_CRASHREPORTER_NO_REPORT="1" MOZ_CRASHREPORTER_SHUTDOWN="1" MOZ_NO_REMOTE="1" "/App ... s" "localhost" "-foreground" "-no-remote" "-profile" "/var/folders/s1/rntdtc892lj3f7n_c3fr09440000gn/T/rust_mozprofileGsGm5l"
console.warn: services.settings: Ignoring preference override of remote settings server
console.warn: services.settings: Allow by setting MOZ_REMOTE_SETTINGS_DEVTOOLS=1 in the environment
1696791957308	Marionette	INFO	Marionette enabled
console.error: "Warning: unrecognized command line flag" "-remote-allow-hosts"
1696791957912	Marionette	INFO	Listening on port 49950
Read port: 49950
WebDriver BiDi listening on ws://127.0.0.1:49943
1696791957973	RemoteAgent	WARN	TLS certificate errors will be ignored for this session
DevTools listening on ws://127.0.0.1:49943/devtools/browser/7a1f1873-6eb2-40fc-b270-22d7a3aa2068
JavaScript warning: https://pagead2.googlesyndication.com/bg/YeTNF82ErcXtSc42GSWrie2SEIEL8DxR64dbf1nZkSc.js line 2 > eval line 2345 > eval line 1 > eval line 1 > eval, line 1: WEBGL_debug_renderer_info is deprecated in Firefox and will be removed. Please use RENDERER.
1696791963273	Marionette	INFO	Stopped listening on port 49950
JavaScript warning: https://cdn.ampproject.org/rtv/012309181453000/amp4ads-v0.mjs, line 2: Script terminated by timeout at:
v@https://cdn.ampproject.org/rtv/012309181453000/amp4ads-v0.mjs:2:1592
_@https://cdn.ampproject.org/rtv/012309181453000/amp4ads-v0.mjs:2:1793
Me@https://cdn.ampproject.org/rtv/012309181453000/amp4ads-v0.mjs:2:14016
Se@https://cdn.ampproject.org/rtv/012309181453000/amp4ads-v0.mjs:2:13575
@https://cdn.ampproject.org/rtv/012309181453000/amp4ads-v0.mjs:2:205348
ge@https://cdn.ampproject.org/rtv/012309181453000/amp4ads-v0.mjs:2:11440
oe@https://cdn.ampproject.org/rtv/012309181453000/amp4ads-v0.mjs:2:10769
Je@https://cdn.ampproject.org/rtv/012309181453000/amp4ads-v0.mjs:2:17346
@https://cdn.ampproject.org/rtv/012309181453000/amp4ads-v0.mjs:2:211743
os@https://cdn.ampproject.org/rtv/012309181453000/amp4ads-v0.mjs:2:79393
Ps@https://cdn.ampproject.org/rtv/012309181453000/amp4ads-v0.mjs:2:80527
ys/<@https://cdn.ampproject.org/rtv/012309181453000/amp4ads-v0.mjs:2:80805

JavaScript warning: https://tpc.googlesyndication.com/sodar/sodar2/225/runner.html, line 26: Script terminated by timeout at:
ra/</<@https://tpc.googlesyndication.com/sodar/sodar2/225/runner.html:26:93

1696792083350	geckodriver	INFO	Listening on 127.0.0.1:50215
1696792083874	mozrunner::runner	INFO	Running command: MOZ_CRASHREPORTER="1" MOZ_CRASHREPORTER_NO_REPORT="1" MOZ_CRASHREPORTER_SHUTDOWN="1" MOZ_NO_REMOTE="1" "/App ... s" "localhost" "-foreground" "-no-remote" "-profile" "/var/folders/s1/rntdtc892lj3f7n_c3fr09440000gn/T/rust_mozprofiler0MBRp"
console.warn: services.settings: Ignoring preference override of remote settings server
console.warn: services.settings: Allow by setting MOZ_REMOTE_SETTINGS_DEVTOOLS=1 in the environment
1696792084355	Marionette	INFO	Marionette enabled
console.error: "Warning: unrecognized command line flag" "-remote-allow-hosts"
1696792084584	Marionette	INFO	Listening on port 50222
Read port: 50222
WebDriver BiDi listening on ws://127.0.0.1:50216
1696792084976	RemoteAgent	WARN	TLS certificate errors will be ignored for this session
DevTools listening on ws://127.0.0.1:50216/devtools/browser/c46c8d09-aaf5-49a7-b412-f726e48ed8fa
1696792090511	Marionette	INFO	Stopped listening on port 50222
JavaScript warning: https://www.skyscanner.ie/rf8vapwA/init.js, line 3: Script terminated by timeout at:
n@https://www.skyscanner.ie/rf8vapwA/init.js:3:79903

JavaScript warning: https://s0.2mdn.net/879366/express_html_inpage_rendering_lib_200_278.js, line 99: Script terminated by timeout at:
@https://s0.2mdn.net/879366/express_html_inpage_rendering_lib_200_278.js:99:100
@https://s0.2mdn.net/879366/express_html_inpage_rendering_lib_200_278.js:184:291

JavaScript error: , line 0: TypeError: NetworkError when attempting to fetch resource.
JavaScript error: , line 0: TypeError: NetworkError when attempting to fetch resource.
1696792164407	geckodriver	INFO	Listening on 127.0.0.1:50425
1696792164928	mozrunner::runner	INFO	Running command: MOZ_CRASHREPORTER="1" MOZ_CRASHREPORTER_NO_REPORT="1" MOZ_CRASHREPORTER_SHUTDOWN="1" MOZ_NO_REMOTE="1" "/App ... s" "localhost" "-foreground" "-no-remote" "-profile" "/var/folders/s1/rntdtc892lj3f7n_c3fr09440000gn/T/rust_mozprofilet9rfpe"
console.warn: services.settings: Ignoring preference override of remote settings server
console.warn: services.settings: Allow by setting MOZ_REMOTE_SETTINGS_DEVTOOLS=1 in the environment
1696792165397	Marionette	INFO	Marionette enabled
console.error: "Warning: unrecognized command line flag" "-remote-allow-hosts"
1696792165874	Marionette	INFO	Listening on port 50432
WebDriver BiDi listening on ws://127.0.0.1:50426
Read port: 50432
1696792166111	RemoteAgent	WARN	TLS certificate errors will be ignored for this session
DevTools listening on ws://127.0.0.1:50426/devtools/browser/9d6bb03b-663b-4235-9c57-6db521b766f0
JavaScript warning: https://pagead2.googlesyndication.com/bg/YeTNF82ErcXtSc42GSWrie2SEIEL8DxR64dbf1nZkSc.js line 2 > eval line 5654 > eval line 1 > eval line 1 > eval, line 1: WEBGL_debug_renderer_info is deprecated in Firefox and will be removed. Please use RENDERER.
1696792175367	Marionette	INFO	Stopped listening on port 50432
1696792290066	geckodriver	INFO	Listening on 127.0.0.1:50673
1696792290592	mozrunner::runner	INFO	Running command: MOZ_CRASHREPORTER="1" MOZ_CRASHREPORTER_NO_REPORT="1" MOZ_CRASHREPORTER_SHUTDOWN="1" MOZ_NO_REMOTE="1" "/App ... s" "localhost" "-foreground" "-no-remote" "-profile" "/var/folders/s1/rntdtc892lj3f7n_c3fr09440000gn/T/rust_mozprofileY8SueX"
console.warn: services.settings: Ignoring preference override of remote settings server
console.warn: services.settings: Allow by setting MOZ_REMOTE_SETTINGS_DEVTOOLS=1 in the environment
1696792291204	Marionette	INFO	Marionette enabled
console.error: "Warning: unrecognized command line flag" "-remote-allow-hosts"
1696792291649	Marionette	INFO	Listening on port 50680
WebDriver BiDi listening on ws://127.0.0.1:50674
Read port: 50680
1696792291890	RemoteAgent	WARN	TLS certificate errors will be ignored for this session
DevTools listening on ws://127.0.0.1:50674/devtools/browser/cb0fb79a-ab58-4a19-8d3a-7af3a95885d3
1696792296459	Marionette	INFO	Stopped listening on port 50680
JavaScript warning: https://www.skyscanner.ie/rf8vapwA/init.js, line 3: Script terminated by timeout at:
n@https://www.skyscanner.ie/rf8vapwA/init.js:3:79903

JavaScript warning: https://www.google.com/adsense/search/async-ads.js?pac=0, line 65: Script terminated by timeout at:
Be/<@https://www.google.com/adsense/search/async-ads.js?pac=0:65:923

1696792372293	geckodriver	INFO	Listening on 127.0.0.1:50863
1696792372818	mozrunner::runner	INFO	Running command: MOZ_CRASHREPORTER="1" MOZ_CRASHREPORTER_NO_REPORT="1" MOZ_CRASHREPORTER_SHUTDOWN="1" MOZ_NO_REMOTE="1" "/App ... s" "localhost" "-foreground" "-no-remote" "-profile" "/var/folders/s1/rntdtc892lj3f7n_c3fr09440000gn/T/rust_mozprofileb6s1ia"
console.warn: services.settings: Ignoring preference override of remote settings server
console.warn: services.settings: Allow by setting MOZ_REMOTE_SETTINGS_DEVTOOLS=1 in the environment
1696792373334	Marionette	INFO	Marionette enabled
console.error: "Warning: unrecognized command line flag" "-remote-allow-hosts"
1696792373498	Marionette	INFO	Listening on port 50870
Read port: 50870
WebDriver BiDi listening on ws://127.0.0.1:50864
1696792373966	RemoteAgent	WARN	TLS certificate errors will be ignored for this session
DevTools listening on ws://127.0.0.1:50864/devtools/browser/53052b7f-532a-40c9-9db2-9992052c0c16
JavaScript warning: https://pagead2.googlesyndication.com/bg/YeTNF82ErcXtSc42GSWrie2SEIEL8DxR64dbf1nZkSc.js line 2 > eval line 1443 > eval line 1 > eval line 1 > eval, line 1: WEBGL_debug_renderer_info is deprecated in Firefox and will be removed. Please use RENDERER.
1696792383274	Marionette	INFO	Stopped listening on port 50870
1696792430081	geckodriver	INFO	Listening on 127.0.0.1:51041
1696792430605	mozrunner::runner	INFO	Running command: MOZ_CRASHREPORTER="1" MOZ_CRASHREPORTER_NO_REPORT="1" MOZ_CRASHREPORTER_SHUTDOWN="1" MOZ_NO_REMOTE="1" "/App ... s" "localhost" "-foreground" "-no-remote" "-profile" "/var/folders/s1/rntdtc892lj3f7n_c3fr09440000gn/T/rust_mozprofile827Mj6"
console.warn: services.settings: Ignoring preference override of remote settings server
console.warn: services.settings: Allow by setting MOZ_REMOTE_SETTINGS_DEVTOOLS=1 in the environment
1696792431418	Marionette	INFO	Marionette enabled
1696792431726	Marionette	INFO	Listening on port 51048
WebDriver BiDi listening on ws://127.0.0.1:51042
Read port: 51048
1696792431824	RemoteAgent	WARN	TLS certificate errors will be ignored for this session
console.error: "Warning: unrecognized command line flag" "-remote-allow-hosts"
DevTools listening on ws://127.0.0.1:51042/devtools/browser/695fa1e5-1172-4387-b44d-27de5ce18a82
1696792434475	Marionette	WARN	Ignoring event 'pageshow' because document has an invalid readyState of 'interactive'.
1696792434479	Marionette	WARN	Ignoring event 'pageshow' because document has an invalid readyState of 'interactive'.
1696792434483	Marionette	WARN	Ignoring event 'pageshow' because document has an invalid readyState of 'interactive'.
1696792434487	Marionette	WARN	Ignoring event 'pageshow' because document has an invalid readyState of 'interactive'.
1696792434491	Marionette	WARN	Ignoring event 'pageshow' because document has an invalid readyState of 'interactive'.
1696792434495	Marionette	WARN	Ignoring event 'pageshow' because document has an invalid readyState of 'interactive'.
1696792434499	Marionette	WARN	Ignoring event 'pageshow' because document has an invalid readyState of 'interactive'.
1696792434504	Marionette	WARN	Ignoring event 'pageshow' because document has an invalid readyState of 'interactive'.
1696792434510	Marionette	WARN	Ignoring event 'pageshow' because document has an invalid readyState of 'interactive'.
1696792434515	Marionette	WARN	Ignoring event 'pageshow' because document has an invalid readyState of 'interactive'.
JavaScript warning: https://www.skyscanner.ie/rf8vapwA/init.js, line 2: Failed to create WebGL context: WebGL is currently disabled.
JavaScript warning: https://www.skyscanner.ie/rf8vapwA/init.js, line 2: Failed to create WebGL context: WebGL is currently disabled.
1696792449036	Marionette	INFO	Stopped listening on port 51048
JavaScript warning: https://www.skyscanner.ie/rf8vapwA/init.js, line 4: Script terminated by timeout at:
qp@https://www.skyscanner.ie/rf8vapwA/init.js:4:9356
sm@https://www.skyscanner.ie/rf8vapwA/init.js:4:10437

1696792530728	geckodriver	INFO	Listening on 127.0.0.1:51163
1696792531253	mozrunner::runner	INFO	Running command: MOZ_CRASHREPORTER="1" MOZ_CRASHREPORTER_NO_REPORT="1" MOZ_CRASHREPORTER_SHUTDOWN="1" MOZ_NO_REMOTE="1" "/App ... s" "localhost" "-foreground" "-no-remote" "-profile" "/var/folders/s1/rntdtc892lj3f7n_c3fr09440000gn/T/rust_mozprofileqBQOKt"
console.warn: services.settings: Ignoring preference override of remote settings server
console.warn: services.settings: Allow by setting MOZ_REMOTE_SETTINGS_DEVTOOLS=1 in the environment
1696792531686	Marionette	INFO	Marionette enabled
console.error: "Warning: unrecognized command line flag" "-remote-allow-hosts"
1696792532152	Marionette	INFO	Listening on port 51171
WebDriver BiDi listening on ws://127.0.0.1:51164
Read port: 51171
1696792532344	RemoteAgent	WARN	TLS certificate errors will be ignored for this session
DevTools listening on ws://127.0.0.1:51164/devtools/browser/d561d240-d494-410e-a952-b1f60512afe6
JavaScript warning: https://pagead2.googlesyndication.com/bg/YeTNF82ErcXtSc42GSWrie2SEIEL8DxR64dbf1nZkSc.js line 2 > eval line 6322 > eval line 1 > eval line 1 > eval, line 1: WEBGL_debug_renderer_info is deprecated in Firefox and will be removed. Please use RENDERER.
1696792537582	Marionette	INFO	Stopped listening on port 51171
JavaScript warning: https://js.skyscnr.com/sttc/oc-registry/components/flights-dayview-hotels-advert/2.0.1/build//static/js/main.b2d97122.js, line 2: Script terminated by timeout at:
n.d@https://js.skyscnr.com/sttc/oc-registry/components/flights-dayview-hotels-advert/2.0.1/build//static/js/main.b2d97122.js:2:189
n.n@https://js.skyscnr.com/sttc/oc-registry/components/flights-dayview-hotels-advert/2.0.1/build//static/js/main.b2d97122.js:2:815
@https://js.skyscnr.com/sttc/oc-registry/components/flights-dayview-hotels-advert/2.0.1/build//static/js/main.b2d97122.js:2:80077
n@https://js.skyscnr.com/sttc/oc-registry/components/flights-dayview-hotels-advert/2.0.1/build//static/js/main.b2d97122.js:2:110
nrWrapper@https://www.skyscanner.ie/transport/flights/DUB/NRT/240701/?adults=1:41:14405

JavaScript warning: https://tpc.googlesyndication.com/sodar/sodar2/225/runner.html, line 26: Script terminated by timeout at:
ra/</<@https://tpc.googlesyndication.com/sodar/sodar2/225/runner.html:26:93

1696792625657	geckodriver	INFO	Listening on 127.0.0.1:51378
1696792626177	mozrunner::runner	INFO	Running command: MOZ_CRASHREPORTER="1" MOZ_CRASHREPORTER_NO_REPORT="1" MOZ_CRASHREPORTER_SHUTDOWN="1" MOZ_NO_REMOTE="1" "/App ... s" "localhost" "-foreground" "-no-remote" "-profile" "/var/folders/s1/rntdtc892lj3f7n_c3fr09440000gn/T/rust_mozprofileLVpC39"
console.warn: services.settings: Ignoring preference override of remote settings server
console.warn: services.settings: Allow by setting MOZ_REMOTE_SETTINGS_DEVTOOLS=1 in the environment
1696792626614	Marionette	INFO	Marionette enabled
console.error: "Warning: unrecognized command line flag" "-remote-allow-hosts"
1696792626823	Marionette	INFO	Listening on port 51385
Read port: 51385
WebDriver BiDi listening on ws://127.0.0.1:51379
1696792627179	RemoteAgent	WARN	TLS certificate errors will be ignored for this session
DevTools listening on ws://127.0.0.1:51379/devtools/browser/1efd3910-95b8-4744-b0e6-c1cc9e273ae6
JavaScript warning: https://pagead2.googlesyndication.com/bg/YeTNF82ErcXtSc42GSWrie2SEIEL8DxR64dbf1nZkSc.js line 2 > eval line 7622 > eval line 1 > eval line 1 > eval, line 1: WEBGL_debug_renderer_info is deprecated in Firefox and will be removed. Please use RENDERER.
1696792635457	Marionette	INFO	Stopped listening on port 51385
JavaScript warning: https://www.skyscanner.ie/transport/flights/PUS/ICN/240707/?adults=1, line 41: Script terminated by timeout at:
nrWrapper@https://www.skyscanner.ie/transport/flights/PUS/ICN/240707/?adults=1:41:14255

1696792691305	geckodriver	INFO	Listening on 127.0.0.1:51564
1696792691824	mozrunner::runner	INFO	Running command: MOZ_CRASHREPORTER="1" MOZ_CRASHREPORTER_NO_REPORT="1" MOZ_CRASHREPORTER_SHUTDOWN="1" MOZ_NO_REMOTE="1" "/App ... s" "localhost" "-foreground" "-no-remote" "-profile" "/var/folders/s1/rntdtc892lj3f7n_c3fr09440000gn/T/rust_mozprofile2lZpNk"
console.warn: services.settings: Ignoring preference override of remote settings server
console.warn: services.settings: Allow by setting MOZ_REMOTE_SETTINGS_DEVTOOLS=1 in the environment
1696792692264	Marionette	INFO	Marionette enabled
console.error: "Warning: unrecognized command line flag" "-remote-allow-hosts"
1696792692747	Marionette	INFO	Listening on port 51571
WebDriver BiDi listening on ws://127.0.0.1:51565
Read port: 51571
1696792692834	RemoteAgent	WARN	TLS certificate errors will be ignored for this session
DevTools listening on ws://127.0.0.1:51565/devtools/browser/a50e941e-01ea-43a2-bdd9-fb311ad0f697
1696792696896	Marionette	INFO	Stopped listening on port 51571
JavaScript warning: https://www.skyscanner.ie/rf8vapwA/init.js, line 3: Script terminated by timeout at:
n@https://www.skyscanner.ie/rf8vapwA/init.js:3:79903

JavaScript warning: https://www.google.com/adsense/search/async-ads.js?pac=0, line 65: Script terminated by timeout at:
Be/<@https://www.google.com/adsense/search/async-ads.js?pac=0:65:923

